Started GET "/" for 127.0.0.1 at 2018-06-26 13:54:05 -0300
Processing by Rails::WelcomeController#index as HTML
  Rendering /home/apresta/.rvm/gems/ruby-2.4.1/gems/railties-5.2.0/lib/rails/templates/rails/welcome/index.html.erb
  Rendered /home/apresta/.rvm/gems/ruby-2.4.1/gems/railties-5.2.0/lib/rails/templates/rails/welcome/index.html.erb (1.6ms)
Completed 200 OK in 9ms (Views: 4.1ms | ActiveRecord: 0.0ms)


Started GET "/" for 127.0.0.1 at 2018-06-26 13:55:21 -0300
Processing by Rails::WelcomeController#index as HTML
  Rendering /home/apresta/.rvm/gems/ruby-2.4.1/gems/railties-5.2.0/lib/rails/templates/rails/welcome/index.html.erb
  Rendered /home/apresta/.rvm/gems/ruby-2.4.1/gems/railties-5.2.0/lib/rails/templates/rails/welcome/index.html.erb (1.7ms)
Completed 200 OK in 8ms (Views: 3.2ms | ActiveRecord: 0.0ms)


Started GET "/" for 127.0.0.1 at 2018-06-26 14:00:48 -0300
Processing by Rails::WelcomeController#index as HTML
  Rendering /home/apresta/.rvm/gems/ruby-2.4.1/gems/railties-5.2.0/lib/rails/templates/rails/welcome/index.html.erb
  Rendered /home/apresta/.rvm/gems/ruby-2.4.1/gems/railties-5.2.0/lib/rails/templates/rails/welcome/index.html.erb (6.1ms)
Completed 200 OK in 11ms (Views: 8.8ms | ActiveRecord: 0.0ms)


Started GET "/" for 127.0.0.1 at 2018-06-26 14:01:22 -0300
Processing by Rails::WelcomeController#index as HTML
  Rendering /home/apresta/.rvm/gems/ruby-2.4.1/gems/railties-5.2.0/lib/rails/templates/rails/welcome/index.html.erb
  Rendered /home/apresta/.rvm/gems/ruby-2.4.1/gems/railties-5.2.0/lib/rails/templates/rails/welcome/index.html.erb (5.8ms)
Completed 200 OK in 10ms (Views: 7.8ms | ActiveRecord: 0.0ms)


Started GET "/" for 127.0.0.1 at 2018-06-26 14:01:23 -0300
Processing by Rails::WelcomeController#index as HTML
  Rendering /home/apresta/.rvm/gems/ruby-2.4.1/gems/railties-5.2.0/lib/rails/templates/rails/welcome/index.html.erb
  Rendered /home/apresta/.rvm/gems/ruby-2.4.1/gems/railties-5.2.0/lib/rails/templates/rails/welcome/index.html.erb (4.9ms)
Completed 200 OK in 10ms (Views: 7.3ms | ActiveRecord: 0.0ms)


Started GET "/welcome.index" for 127.0.0.1 at 2018-06-26 14:02:08 -0300
  
ActionController::RoutingError (No route matches [GET] "/welcome.index"):
  
actionpack (5.2.0) lib/action_dispatch/middleware/debug_exceptions.rb:65:in `call'
web-console (3.6.2) lib/web_console/middleware.rb:135:in `call_app'
web-console (3.6.2) lib/web_console/middleware.rb:30:in `block in call'
web-console (3.6.2) lib/web_console/middleware.rb:20:in `catch'
web-console (3.6.2) lib/web_console/middleware.rb:20:in `call'
actionpack (5.2.0) lib/action_dispatch/middleware/show_exceptions.rb:33:in `call'
railties (5.2.0) lib/rails/rack/logger.rb:38:in `call_app'
railties (5.2.0) lib/rails/rack/logger.rb:26:in `block in call'
activesupport (5.2.0) lib/active_support/tagged_logging.rb:71:in `block in tagged'
activesupport (5.2.0) lib/active_support/tagged_logging.rb:28:in `tagged'
activesupport (5.2.0) lib/active_support/tagged_logging.rb:71:in `tagged'
railties (5.2.0) lib/rails/rack/logger.rb:26:in `call'
sprockets-rails (3.2.1) lib/sprockets/rails/quiet_assets.rb:13:in `call'
actionpack (5.2.0) lib/action_dispatch/middleware/remote_ip.rb:81:in `call'
actionpack (5.2.0) lib/action_dispatch/middleware/request_id.rb:27:in `call'
rack (2.0.5) lib/rack/method_override.rb:22:in `call'
rack (2.0.5) lib/rack/runtime.rb:22:in `call'
activesupport (5.2.0) lib/active_support/cache/strategy/local_cache_middleware.rb:29:in `call'
actionpack (5.2.0) lib/action_dispatch/middleware/executor.rb:14:in `call'
actionpack (5.2.0) lib/action_dispatch/middleware/static.rb:127:in `call'
rack (2.0.5) lib/rack/sendfile.rb:111:in `call'
railties (5.2.0) lib/rails/engine.rb:524:in `call'
puma (3.11.4) lib/puma/configuration.rb:225:in `call'
puma (3.11.4) lib/puma/server.rb:632:in `handle_request'
puma (3.11.4) lib/puma/server.rb:446:in `process_client'
puma (3.11.4) lib/puma/server.rb:306:in `block in run'
puma (3.11.4) lib/puma/thread_pool.rb:120:in `block in spawn_thread'
Started GET "/welcome.index" for 127.0.0.1 at 2018-06-26 14:04:11 -0300
  
ArgumentError (Missing :controller key on routes definition, please check your routes.):
  
config/routes.rb:3:in `block in <main>'
config/routes.rb:1:in `<main>'
Started GET "/welcome.index" for 127.0.0.1 at 2018-06-26 14:10:57 -0300
  
ArgumentError (Missing :controller key on routes definition, please check your routes.):
  
config/routes.rb:3:in `block in <main>'
config/routes.rb:1:in `<main>'
Started GET "/welcome.index" for 127.0.0.1 at 2018-06-26 14:11:00 -0300
  
ActionController::RoutingError (No route matches [GET] "/welcome.index"):
  
actionpack (5.2.0) lib/action_dispatch/middleware/debug_exceptions.rb:65:in `call'
web-console (3.6.2) lib/web_console/middleware.rb:135:in `call_app'
web-console (3.6.2) lib/web_console/middleware.rb:30:in `block in call'
web-console (3.6.2) lib/web_console/middleware.rb:20:in `catch'
web-console (3.6.2) lib/web_console/middleware.rb:20:in `call'
actionpack (5.2.0) lib/action_dispatch/middleware/show_exceptions.rb:33:in `call'
railties (5.2.0) lib/rails/rack/logger.rb:38:in `call_app'
railties (5.2.0) lib/rails/rack/logger.rb:26:in `block in call'
activesupport (5.2.0) lib/active_support/tagged_logging.rb:71:in `block in tagged'
activesupport (5.2.0) lib/active_support/tagged_logging.rb:28:in `tagged'
activesupport (5.2.0) lib/active_support/tagged_logging.rb:71:in `tagged'
railties (5.2.0) lib/rails/rack/logger.rb:26:in `call'
sprockets-rails (3.2.1) lib/sprockets/rails/quiet_assets.rb:13:in `call'
actionpack (5.2.0) lib/action_dispatch/middleware/remote_ip.rb:81:in `call'
actionpack (5.2.0) lib/action_dispatch/middleware/request_id.rb:27:in `call'
rack (2.0.5) lib/rack/method_override.rb:22:in `call'
rack (2.0.5) lib/rack/runtime.rb:22:in `call'
activesupport (5.2.0) lib/active_support/cache/strategy/local_cache_middleware.rb:29:in `call'
actionpack (5.2.0) lib/action_dispatch/middleware/executor.rb:14:in `call'
actionpack (5.2.0) lib/action_dispatch/middleware/static.rb:127:in `call'
rack (2.0.5) lib/rack/sendfile.rb:111:in `call'
railties (5.2.0) lib/rails/engine.rb:524:in `call'
puma (3.11.4) lib/puma/configuration.rb:225:in `call'
puma (3.11.4) lib/puma/server.rb:632:in `handle_request'
puma (3.11.4) lib/puma/server.rb:446:in `process_client'
puma (3.11.4) lib/puma/server.rb:306:in `block in run'
puma (3.11.4) lib/puma/thread_pool.rb:120:in `block in spawn_thread'
Started GET "/welcome.index" for 127.0.0.1 at 2018-06-26 14:11:08 -0300
  
ActionController::RoutingError (No route matches [GET] "/welcome.index"):
  
actionpack (5.2.0) lib/action_dispatch/middleware/debug_exceptions.rb:65:in `call'
web-console (3.6.2) lib/web_console/middleware.rb:135:in `call_app'
web-console (3.6.2) lib/web_console/middleware.rb:30:in `block in call'
web-console (3.6.2) lib/web_console/middleware.rb:20:in `catch'
web-console (3.6.2) lib/web_console/middleware.rb:20:in `call'
actionpack (5.2.0) lib/action_dispatch/middleware/show_exceptions.rb:33:in `call'
railties (5.2.0) lib/rails/rack/logger.rb:38:in `call_app'
railties (5.2.0) lib/rails/rack/logger.rb:26:in `block in call'
activesupport (5.2.0) lib/active_support/tagged_logging.rb:71:in `block in tagged'
activesupport (5.2.0) lib/active_support/tagged_logging.rb:28:in `tagged'
activesupport (5.2.0) lib/active_support/tagged_logging.rb:71:in `tagged'
railties (5.2.0) lib/rails/rack/logger.rb:26:in `call'
sprockets-rails (3.2.1) lib/sprockets/rails/quiet_assets.rb:13:in `call'
actionpack (5.2.0) lib/action_dispatch/middleware/remote_ip.rb:81:in `call'
actionpack (5.2.0) lib/action_dispatch/middleware/request_id.rb:27:in `call'
rack (2.0.5) lib/rack/method_override.rb:22:in `call'
rack (2.0.5) lib/rack/runtime.rb:22:in `call'
activesupport (5.2.0) lib/active_support/cache/strategy/local_cache_middleware.rb:29:in `call'
actionpack (5.2.0) lib/action_dispatch/middleware/executor.rb:14:in `call'
actionpack (5.2.0) lib/action_dispatch/middleware/static.rb:127:in `call'
rack (2.0.5) lib/rack/sendfile.rb:111:in `call'
railties (5.2.0) lib/rails/engine.rb:524:in `call'
puma (3.11.4) lib/puma/configuration.rb:225:in `call'
puma (3.11.4) lib/puma/server.rb:632:in `handle_request'
puma (3.11.4) lib/puma/server.rb:446:in `process_client'
puma (3.11.4) lib/puma/server.rb:306:in `block in run'
puma (3.11.4) lib/puma/thread_pool.rb:120:in `block in spawn_thread'
Started GET "/welcome.index" for 127.0.0.1 at 2018-06-26 14:18:30 -0300
  
ArgumentError (Missing :controller key on routes definition, please check your routes.):
  
config/routes.rb:3:in `block in <main>'
config/routes.rb:1:in `<main>'
Started GET "/welcome.index" for 127.0.0.1 at 2018-06-26 14:21:47 -0300
  
ActionController::RoutingError (No route matches [GET] "/welcome.index"):
  
actionpack (5.2.0) lib/action_dispatch/middleware/debug_exceptions.rb:65:in `call'
web-console (3.6.2) lib/web_console/middleware.rb:135:in `call_app'
web-console (3.6.2) lib/web_console/middleware.rb:30:in `block in call'
web-console (3.6.2) lib/web_console/middleware.rb:20:in `catch'
web-console (3.6.2) lib/web_console/middleware.rb:20:in `call'
actionpack (5.2.0) lib/action_dispatch/middleware/show_exceptions.rb:33:in `call'
railties (5.2.0) lib/rails/rack/logger.rb:38:in `call_app'
railties (5.2.0) lib/rails/rack/logger.rb:26:in `block in call'
activesupport (5.2.0) lib/active_support/tagged_logging.rb:71:in `block in tagged'
activesupport (5.2.0) lib/active_support/tagged_logging.rb:28:in `tagged'
activesupport (5.2.0) lib/active_support/tagged_logging.rb:71:in `tagged'
railties (5.2.0) lib/rails/rack/logger.rb:26:in `call'
sprockets-rails (3.2.1) lib/sprockets/rails/quiet_assets.rb:13:in `call'
actionpack (5.2.0) lib/action_dispatch/middleware/remote_ip.rb:81:in `call'
actionpack (5.2.0) lib/action_dispatch/middleware/request_id.rb:27:in `call'
rack (2.0.5) lib/rack/method_override.rb:22:in `call'
rack (2.0.5) lib/rack/runtime.rb:22:in `call'
activesupport (5.2.0) lib/active_support/cache/strategy/local_cache_middleware.rb:29:in `call'
actionpack (5.2.0) lib/action_dispatch/middleware/executor.rb:14:in `call'
actionpack (5.2.0) lib/action_dispatch/middleware/static.rb:127:in `call'
rack (2.0.5) lib/rack/sendfile.rb:111:in `call'
railties (5.2.0) lib/rails/engine.rb:524:in `call'
puma (3.11.4) lib/puma/configuration.rb:225:in `call'
puma (3.11.4) lib/puma/server.rb:632:in `handle_request'
puma (3.11.4) lib/puma/server.rb:446:in `process_client'
puma (3.11.4) lib/puma/server.rb:306:in `block in run'
puma (3.11.4) lib/puma/thread_pool.rb:120:in `block in spawn_thread'
Started GET "/welcome/index" for 127.0.0.1 at 2018-06-26 14:22:13 -0300
Processing by WelcomeController#index as HTML
  Rendering welcome/index.html.erb within layouts/application
  Rendered welcome/index.html.erb within layouts/application (0.2ms)
Completed 200 OK in 152ms (Views: 151.2ms | ActiveRecord: 0.0ms)


Started GET "/welcome/index" for 127.0.0.1 at 2018-06-26 14:22:34 -0300
Processing by WelcomeController#index as HTML
  Rendering welcome/index.html.erb within layouts/application
  Rendered welcome/index.html.erb within layouts/application (0.2ms)
Completed 200 OK in 8ms (Views: 7.3ms | ActiveRecord: 0.0ms)


Started GET "/welcome/index" for 127.0.0.1 at 2018-06-26 14:22:40 -0300
Processing by WelcomeController#index as HTML
  Rendering welcome/index.html.erb within layouts/application
  Rendered welcome/index.html.erb within layouts/application (0.2ms)
Completed 200 OK in 8ms (Views: 6.9ms | ActiveRecord: 0.0ms)


Started GET "/welcome/index" for 127.0.0.1 at 2018-06-26 14:23:11 -0300
Processing by WelcomeController#index as HTML
  Rendering welcome/index.html.erb within layouts/application
  Rendered welcome/index.html.erb within layouts/application (0.2ms)
Completed 200 OK in 9ms (Views: 8.0ms | ActiveRecord: 0.0ms)


Started GET "/welcome/index" for 127.0.0.1 at 2018-06-26 14:23:12 -0300
Processing by WelcomeController#index as HTML
  Rendering welcome/index.html.erb within layouts/application
  Rendered welcome/index.html.erb within layouts/application (0.8ms)
Completed 200 OK in 25ms (Views: 22.7ms | ActiveRecord: 0.0ms)


Started GET "/welcome/contactos" for 127.0.0.1 at 2018-06-26 14:30:11 -0300
Processing by WelcomeController#contactos as HTML
  Rendering welcome/contactos.html.erb within layouts/application
  Rendered welcome/contactos.html.erb within layouts/application (0.2ms)
Completed 200 OK in 9ms (Views: 8.2ms | ActiveRecord: 0.0ms)


Started GET "/welcome/contactos" for 127.0.0.1 at 2018-06-26 16:04:10 -0300
Processing by WelcomeController#contactos as HTML
  Rendering welcome/contactos.html.erb within layouts/application
  Rendered welcome/contactos.html.erb within layouts/application (0.2ms)
Completed 200 OK in 10ms (Views: 9.1ms | ActiveRecord: 0.0ms)


Started GET "/welcome/index" for 127.0.0.1 at 2018-06-28 09:26:11 -0300
Processing by WelcomeController#index as HTML
  Rendering welcome/index.html.erb within layouts/application
  Rendered welcome/index.html.erb within layouts/application (0.7ms)
Completed 200 OK in 136ms (Views: 130.8ms | ActiveRecord: 0.0ms)


Started GET "/welcome/index" for 127.0.0.1 at 2018-06-28 09:32:44 -0300
Processing by WelcomeController#index as HTML
  Rendering welcome/index.html.erb within layouts/application
  Rendered welcome/index.html.erb within layouts/application (0.2ms)
Completed 200 OK in 7ms (Views: 6.6ms | ActiveRecord: 0.0ms)


Started GET "/welcome/contactos" for 127.0.0.1 at 2018-06-28 09:32:54 -0300
Processing by WelcomeController#contactos as HTML
  Rendering welcome/contactos.html.erb within layouts/application
  Rendered welcome/contactos.html.erb within layouts/application (0.9ms)
Completed 200 OK in 43ms (Views: 40.0ms | ActiveRecord: 0.0ms)


Started GET "/welcome/contactos" for 127.0.0.1 at 2018-06-28 09:32:59 -0300
Processing by WelcomeController#contactos as HTML
  Rendering welcome/contactos.html.erb within layouts/application
  Rendered welcome/contactos.html.erb within layouts/application (0.4ms)
Completed 200 OK in 18ms (Views: 16.3ms | ActiveRecord: 0.0ms)


Started GET "/welcome/contactos" for 127.0.0.1 at 2018-06-28 09:34:50 -0300
Processing by WelcomeController#contactos as HTML
  Rendering welcome/contactos.html.erb within layouts/application
  Rendered welcome/contactos.html.erb within layouts/application (0.7ms)
Completed 200 OK in 19ms (Views: 17.4ms | ActiveRecord: 0.0ms)


Started GET "/welcome/contactos" for 127.0.0.1 at 2018-06-28 09:34:52 -0300
Processing by WelcomeController#contactos as HTML
  Rendering welcome/contactos.html.erb within layouts/application
  Rendered welcome/contactos.html.erb within layouts/application (0.8ms)
Completed 200 OK in 27ms (Views: 25.2ms | ActiveRecord: 0.0ms)


Started GET "/welcome/contactos" for 127.0.0.1 at 2018-06-28 09:34:56 -0300
Processing by WelcomeController#contactos as HTML
  Rendering welcome/contactos.html.erb within layouts/application
  Rendered welcome/contactos.html.erb within layouts/application (0.5ms)
Completed 200 OK in 18ms (Views: 17.5ms | ActiveRecord: 0.0ms)


Started GET "/welcome/contactos" for 127.0.0.1 at 2018-06-28 09:35:27 -0300
Processing by WelcomeController#contactos as HTML
  Rendering welcome/contactos.html.erb within layouts/application
  Rendered welcome/contactos.html.erb within layouts/application (0.8ms)
Completed 200 OK in 27ms (Views: 21.2ms | ActiveRecord: 0.0ms)


Started GET "/welcome/contactos" for 127.0.0.1 at 2018-06-28 09:36:04 -0300
Processing by WelcomeController#contactos as HTML
  Rendering welcome/contactos.html.erb within layouts/application
  Rendered welcome/contactos.html.erb within layouts/application (0.3ms)
Completed 200 OK in 16ms (Views: 14.8ms | ActiveRecord: 0.0ms)


Started GET "/welcome/contactos" for 127.0.0.1 at 2018-06-28 09:36:23 -0300
Processing by WelcomeController#contactos as HTML
  Rendering welcome/contactos.html.erb within layouts/application
  Rendered welcome/contactos.html.erb within layouts/application (0.7ms)
Completed 200 OK in 18ms (Views: 16.8ms | ActiveRecord: 0.0ms)


Started GET "/welcome/contactos" for 127.0.0.1 at 2018-06-28 09:36:36 -0300
Processing by WelcomeController#contactos as HTML
  Rendering welcome/contactos.html.erb within layouts/application
  Rendered welcome/contactos.html.erb within layouts/application (0.2ms)
Completed 200 OK in 21ms (Views: 19.6ms | ActiveRecord: 0.0ms)


Started GET "/welcome/contactos" for 127.0.0.1 at 2018-06-28 09:38:16 -0300
Processing by WelcomeController#contactos as HTML
  Rendering welcome/contactos.html.erb within layouts/application
  Rendered welcome/contactos.html.erb within layouts/application (0.8ms)
Completed 200 OK in 16ms (Views: 14.3ms | ActiveRecord: 0.0ms)


Started GET "/welcome/contactos" for 127.0.0.1 at 2018-06-28 09:38:19 -0300
Processing by WelcomeController#contactos as HTML
  Rendering welcome/contactos.html.erb within layouts/application
  Rendered welcome/contactos.html.erb within layouts/application (0.3ms)
Completed 200 OK in 8ms (Views: 7.5ms | ActiveRecord: 0.0ms)


Started GET "/welcome/contactos" for 127.0.0.1 at 2018-06-28 09:39:21 -0300
Processing by WelcomeController#contactos as HTML
  Rendering welcome/contactos.html.erb within layouts/application
  Rendered welcome/contactos.html.erb within layouts/application (1.2ms)
Completed 200 OK in 29ms (Views: 27.3ms | ActiveRecord: 0.0ms)


Started GET "/welcome/contactos" for 127.0.0.1 at 2018-06-28 09:39:32 -0300
Processing by WelcomeController#contactos as HTML
  Rendering welcome/contactos.html.erb within layouts/application
  Rendered welcome/contactos.html.erb within layouts/application (0.3ms)
Completed 200 OK in 7ms (Views: 6.7ms | ActiveRecord: 0.0ms)


Started GET "/welcome/contactos" for 127.0.0.1 at 2018-06-28 09:39:34 -0300
Processing by WelcomeController#contactos as HTML
  Rendering welcome/contactos.html.erb within layouts/application
  Rendered welcome/contactos.html.erb within layouts/application (0.4ms)
Completed 200 OK in 11ms (Views: 10.1ms | ActiveRecord: 0.0ms)


Started GET "/welcome/contactos" for 127.0.0.1 at 2018-06-28 09:40:19 -0300
Processing by WelcomeController#contactos as HTML
  Rendering welcome/contactos.html.erb within layouts/application
  Rendered welcome/contactos.html.erb within layouts/application (1.5ms)
Completed 200 OK in 29ms (Views: 26.9ms | ActiveRecord: 0.0ms)


Started GET "/welcome/contactos" for 127.0.0.1 at 2018-06-28 09:41:07 -0300
Processing by WelcomeController#contactos as HTML
  Rendering welcome/contactos.html.erb within layouts/application
  Rendered welcome/contactos.html.erb within layouts/application (1.6ms)
Completed 200 OK in 22ms (Views: 19.9ms | ActiveRecord: 0.0ms)


Started GET "/welcome/contactos" for 127.0.0.1 at 2018-06-28 09:43:37 -0300
Processing by WelcomeController#contactos as HTML
  Rendering welcome/contactos.html.erb within layouts/application
  Rendered welcome/contactos.html.erb within layouts/application (1.7ms)
Completed 200 OK in 28ms (Views: 25.6ms | ActiveRecord: 0.0ms)


Started GET "/welcome/contactos" for 127.0.0.1 at 2018-06-28 09:43:46 -0300
Processing by WelcomeController#contactos as HTML
  Rendering welcome/contactos.html.erb within layouts/application
  Rendered welcome/contactos.html.erb within layouts/application (0.8ms)
Completed 200 OK in 21ms (Views: 20.0ms | ActiveRecord: 0.0ms)


Started GET "/welcome/contactos" for 127.0.0.1 at 2018-06-28 09:53:10 -0300
Processing by WelcomeController#contactos as HTML
  Rendering welcome/contactos.html.erb within layouts/application
  Rendered welcome/contactos.html.erb within layouts/application (2.3ms)
Completed 200 OK in 27ms (Views: 25.1ms | ActiveRecord: 0.0ms)


Started GET "/welcome/contactos" for 127.0.0.1 at 2018-06-28 09:53:36 -0300
Processing by WelcomeController#contactos as HTML
  Rendering welcome/contactos.html.erb within layouts/application
  Rendered welcome/contactos.html.erb within layouts/application (0.4ms)
Completed 200 OK in 8ms (Views: 6.9ms | ActiveRecord: 0.0ms)


Started GET "/welcome/contactos" for 127.0.0.1 at 2018-06-28 09:53:50 -0300
Processing by WelcomeController#contactos as HTML
  Rendering welcome/contactos.html.erb within layouts/application
  Rendered welcome/contactos.html.erb within layouts/application (9.2ms)
Completed 500 Internal Server Error in 11ms (ActiveRecord: 0.0ms)


  
ActionView::Template::Error (String can't be coerced into Integer):
    10:   <br>
    11:   <% var = 100 %>
    12:   <% var.times do |n| %>
    13:  <%= n + " hello"  %><br>
    14:    <% end %>
    15: 
    16: 
  
app/views/welcome/contactos.html.erb:13:in `+'
app/views/welcome/contactos.html.erb:13:in `block in _app_views_welcome_contactos_html_erb__807920465968938265_70172935031260'
app/views/welcome/contactos.html.erb:12:in `times'
app/views/welcome/contactos.html.erb:12:in `_app_views_welcome_contactos_html_erb__807920465968938265_70172935031260'
Started GET "/welcome/contactos" for 127.0.0.1 at 2018-06-28 09:53:57 -0300
Processing by WelcomeController#contactos as HTML
  Rendering welcome/contactos.html.erb within layouts/application
  Rendered welcome/contactos.html.erb within layouts/application (0.8ms)
Completed 500 Internal Server Error in 2ms (ActiveRecord: 0.0ms)


  
ActionView::Template::Error (String can't be coerced into Integer):
    10:   <br>
    11:   <% var = 100 %>
    12:   <% var.times do |n| %>
    13:  <%= n + " hello"  %><br>
    14:    <% end %>
    15: 
    16: 
  
app/views/welcome/contactos.html.erb:13:in `+'
app/views/welcome/contactos.html.erb:13:in `block in _app_views_welcome_contactos_html_erb__807920465968938265_70172934807340'
app/views/welcome/contactos.html.erb:12:in `times'
app/views/welcome/contactos.html.erb:12:in `_app_views_welcome_contactos_html_erb__807920465968938265_70172934807340'
Started GET "/welcome/contactos" for 127.0.0.1 at 2018-06-28 09:54:24 -0300
Processing by WelcomeController#contactos as HTML
  Rendering welcome/contactos.html.erb within layouts/application
  Rendered welcome/contactos.html.erb within layouts/application (0.9ms)
Completed 500 Internal Server Error in 2ms (ActiveRecord: 0.0ms)


  
ActionView::Template::Error (String can't be coerced into Integer):
    10:   <br>
    11:   <% var = 100 %>
    12:   <% var.times do |n| %>
    13:  <%= n + " hello    <br>"  %>
    14: 
    15:    <% end %>
    16: 
  
app/views/welcome/contactos.html.erb:13:in `+'
app/views/welcome/contactos.html.erb:13:in `block in _app_views_welcome_contactos_html_erb__807920465968938265_70172935009260'
app/views/welcome/contactos.html.erb:12:in `times'
app/views/welcome/contactos.html.erb:12:in `_app_views_welcome_contactos_html_erb__807920465968938265_70172935009260'
Started GET "/welcome/contactos" for 127.0.0.1 at 2018-06-28 09:54:49 -0300
Processing by WelcomeController#contactos as HTML
  Rendering welcome/contactos.html.erb within layouts/application
  Rendered welcome/contactos.html.erb within layouts/application (2.3ms)
Completed 500 Internal Server Error in 7ms (ActiveRecord: 0.0ms)


  
ActionView::Template::Error (String can't be coerced into Integer):
    10:   <br>
    11:   <% var = 100 %>
    12:   <% var.times do |n| %>
    13:  <%= n + " hello    <br>"  %>
    14: 
    15:    <% end %>
    16: 
  
app/views/welcome/contactos.html.erb:13:in `+'
app/views/welcome/contactos.html.erb:13:in `block in _app_views_welcome_contactos_html_erb__807920465968938265_70172934917540'
app/views/welcome/contactos.html.erb:12:in `times'
app/views/welcome/contactos.html.erb:12:in `_app_views_welcome_contactos_html_erb__807920465968938265_70172934917540'
Started GET "/welcome/contactos" for 127.0.0.1 at 2018-06-28 09:55:18 -0300
Processing by WelcomeController#contactos as HTML
  Rendering welcome/contactos.html.erb within layouts/application
  Rendered welcome/contactos.html.erb within layouts/application (0.6ms)
Completed 200 OK in 12ms (Views: 10.9ms | ActiveRecord: 0.0ms)


Started GET "/welcome/contactos" for 127.0.0.1 at 2018-06-28 09:55:33 -0300
Processing by WelcomeController#contactos as HTML
  Rendering welcome/contactos.html.erb within layouts/application
  Rendered welcome/contactos.html.erb within layouts/application (1.0ms)
Completed 200 OK in 20ms (Views: 19.0ms | ActiveRecord: 0.0ms)


Started GET "/welcome/contactos" for 127.0.0.1 at 2018-06-28 09:55:34 -0300
Processing by WelcomeController#contactos as HTML
  Rendering welcome/contactos.html.erb within layouts/application
  Rendered welcome/contactos.html.erb within layouts/application (2.5ms)
Completed 200 OK in 38ms (Views: 35.6ms | ActiveRecord: 0.0ms)


Started GET "/welcome/contactos" for 127.0.0.1 at 2018-06-28 09:55:36 -0300
Processing by WelcomeController#contactos as HTML
  Rendering welcome/contactos.html.erb within layouts/application
  Rendered welcome/contactos.html.erb within layouts/application (2.5ms)
Completed 200 OK in 38ms (Views: 35.5ms | ActiveRecord: 0.0ms)


Started GET "/welcome/contactos" for 127.0.0.1 at 2018-06-28 09:55:42 -0300
Processing by WelcomeController#contactos as HTML
  Rendering welcome/contactos.html.erb within layouts/application
  Rendered welcome/contactos.html.erb within layouts/application (0.8ms)
Completed 200 OK in 21ms (Views: 20.1ms | ActiveRecord: 0.0ms)


Started GET "/welcome/contactos" for 127.0.0.1 at 2018-06-28 09:55:52 -0300
Processing by WelcomeController#contactos as HTML
  Rendering welcome/contactos.html.erb within layouts/application
  Rendered welcome/contactos.html.erb within layouts/application (0.4ms)
Completed 200 OK in 7ms (Views: 6.8ms | ActiveRecord: 0.0ms)


Started GET "/welcome/contactos" for 127.0.0.1 at 2018-06-28 09:55:53 -0300
Processing by WelcomeController#contactos as HTML
  Rendering welcome/contactos.html.erb within layouts/application
  Rendered welcome/contactos.html.erb within layouts/application (1.1ms)
Completed 200 OK in 24ms (Views: 21.7ms | ActiveRecord: 0.0ms)


Started GET "/welcome/contactos" for 127.0.0.1 at 2018-06-28 09:55:59 -0300
Processing by WelcomeController#contactos as HTML
  Rendering welcome/contactos.html.erb within layouts/application
  Rendered welcome/contactos.html.erb within layouts/application (0.3ms)
Completed 200 OK in 8ms (Views: 6.9ms | ActiveRecord: 0.0ms)


Started GET "/welcome/contactos" for 127.0.0.1 at 2018-06-28 09:56:04 -0300
Processing by WelcomeController#contactos as HTML
  Rendering welcome/contactos.html.erb within layouts/application
  Rendered welcome/contactos.html.erb within layouts/application (0.4ms)
Completed 200 OK in 8ms (Views: 7.3ms | ActiveRecord: 0.0ms)


Started GET "/welcome/contactos" for 127.0.0.1 at 2018-06-28 09:56:11 -0300
Processing by WelcomeController#contactos as HTML
  Rendering welcome/contactos.html.erb within layouts/application
  Rendered welcome/contactos.html.erb within layouts/application (0.3ms)
Completed 200 OK in 7ms (Views: 6.8ms | ActiveRecord: 0.0ms)


Started GET "/welcome/contactos" for 127.0.0.1 at 2018-06-28 09:56:12 -0300
Processing by WelcomeController#contactos as HTML
  Rendering welcome/contactos.html.erb within layouts/application
  Rendered welcome/contactos.html.erb within layouts/application (2.5ms)
Completed 200 OK in 21ms (Views: 18.9ms | ActiveRecord: 0.0ms)


Started GET "/welcome/contactos" for 127.0.0.1 at 2018-06-28 09:56:28 -0300
Processing by WelcomeController#contactos as HTML
  Rendering welcome/contactos.html.erb within layouts/application
  Rendered welcome/contactos.html.erb within layouts/application (1.1ms)
Completed 200 OK in 12ms (Views: 11.3ms | ActiveRecord: 0.0ms)


Started GET "/welcome/contactos" for 127.0.0.1 at 2018-06-28 09:56:29 -0300
Processing by WelcomeController#contactos as HTML
  Rendering welcome/contactos.html.erb within layouts/application
  Rendered welcome/contactos.html.erb within layouts/application (1.5ms)
Completed 200 OK in 24ms (Views: 21.6ms | ActiveRecord: 0.0ms)


Started GET "/welcome/contactos" for 127.0.0.1 at 2018-06-28 09:56:50 -0300
Processing by WelcomeController#contactos as HTML
  Rendering welcome/contactos.html.erb within layouts/application
  Rendered welcome/contactos.html.erb within layouts/application (0.4ms)
Completed 200 OK in 12ms (Views: 7.6ms | ActiveRecord: 0.0ms)


Started GET "/welcome/contactos" for 127.0.0.1 at 2018-06-28 09:56:51 -0300
Processing by WelcomeController#contactos as HTML
  Rendering welcome/contactos.html.erb within layouts/application
  Rendered welcome/contactos.html.erb within layouts/application (1.6ms)
Completed 200 OK in 28ms (Views: 25.8ms | ActiveRecord: 0.0ms)


Started GET "/welcome/contactos" for 127.0.0.1 at 2018-06-28 09:57:07 -0300
Processing by WelcomeController#contactos as HTML
  Rendering welcome/contactos.html.erb within layouts/application
  Rendered welcome/contactos.html.erb within layouts/application (1.8ms)
Completed 200 OK in 26ms (Views: 23.7ms | ActiveRecord: 0.0ms)


Started GET "/welcome/contactos" for 127.0.0.1 at 2018-06-28 09:57:22 -0300
Processing by WelcomeController#contactos as HTML
  Rendering welcome/contactos.html.erb within layouts/application
  Rendered welcome/contactos.html.erb within layouts/application (0.7ms)
Completed 200 OK in 11ms (Views: 10.5ms | ActiveRecord: 0.0ms)


Started GET "/welcome/contactos" for 127.0.0.1 at 2018-06-28 09:57:23 -0300
Processing by WelcomeController#contactos as HTML
  Rendering welcome/contactos.html.erb within layouts/application
  Rendered welcome/contactos.html.erb within layouts/application (1.7ms)
Completed 200 OK in 20ms (Views: 18.4ms | ActiveRecord: 0.0ms)


Started GET "/welcome/contactos" for 127.0.0.1 at 2018-06-28 09:57:43 -0300
Processing by WelcomeController#contactos as HTML
  Rendering welcome/contactos.html.erb within layouts/application
  Rendered welcome/contactos.html.erb within layouts/application (0.5ms)
Completed 200 OK in 8ms (Views: 7.1ms | ActiveRecord: 0.0ms)


Started GET "/welcome/contactos" for 127.0.0.1 at 2018-06-28 09:57:46 -0300
Processing by WelcomeController#contactos as HTML
  Rendering welcome/contactos.html.erb within layouts/application
  Rendered welcome/contactos.html.erb within layouts/application (1.3ms)
Completed 200 OK in 23ms (Views: 20.5ms | ActiveRecord: 0.0ms)


Started GET "/welcome/contactos" for 127.0.0.1 at 2018-06-28 09:58:06 -0300
Processing by WelcomeController#contactos as HTML
  Rendering welcome/contactos.html.erb within layouts/application
  Rendered welcome/contactos.html.erb within layouts/application (0.5ms)
Completed 200 OK in 8ms (Views: 7.4ms | ActiveRecord: 0.0ms)


Started GET "/welcome/contactos" for 127.0.0.1 at 2018-06-28 09:58:12 -0300
Processing by WelcomeController#contactos as HTML
  Rendering welcome/contactos.html.erb within layouts/application
  Rendered welcome/contactos.html.erb within layouts/application (11.9ms)
Completed 200 OK in 33ms (Views: 30.7ms | ActiveRecord: 0.0ms)


Started GET "/welcome/contactos" for 127.0.0.1 at 2018-06-28 09:58:35 -0300
Processing by WelcomeController#contactos as HTML
  Rendering welcome/contactos.html.erb within layouts/application
  Rendered welcome/contactos.html.erb within layouts/application (0.6ms)
Completed 200 OK in 11ms (Views: 10.3ms | ActiveRecord: 0.0ms)


Started GET "/welcome/contactos" for 127.0.0.1 at 2018-06-28 09:59:03 -0300
Processing by WelcomeController#contactos as HTML
  Rendering welcome/contactos.html.erb within layouts/application
  Rendered welcome/contactos.html.erb within layouts/application (0.6ms)
Completed 200 OK in 10ms (Views: 9.4ms | ActiveRecord: 0.0ms)


Started GET "/welcome/contactos" for 127.0.0.1 at 2018-06-28 09:59:07 -0300
Processing by WelcomeController#contactos as HTML
  Rendering welcome/contactos.html.erb within layouts/application
  Rendered welcome/contactos.html.erb within layouts/application (1.8ms)
Completed 200 OK in 29ms (Views: 27.5ms | ActiveRecord: 0.0ms)


Started GET "/welcome/contactos" for 127.0.0.1 at 2018-06-28 09:59:26 -0300
Processing by WelcomeController#contactos as HTML
  Rendering welcome/contactos.html.erb within layouts/application
  Rendered welcome/contactos.html.erb within layouts/application (1.6ms)
Completed 200 OK in 27ms (Views: 25.3ms | ActiveRecord: 0.0ms)


Started GET "/welcome/contactos" for 127.0.0.1 at 2018-06-28 10:01:09 -0300
Processing by WelcomeController#contactos as HTML
  Rendering welcome/contactos.html.erb within layouts/application
  Rendered welcome/contactos.html.erb within layouts/application (0.5ms)
Completed 200 OK in 8ms (Views: 7.5ms | ActiveRecord: 0.0ms)


Started GET "/welcome/contactos" for 127.0.0.1 at 2018-06-28 10:01:11 -0300
Processing by WelcomeController#contactos as HTML
  Rendering welcome/contactos.html.erb within layouts/application
  Rendered welcome/contactos.html.erb within layouts/application (1.7ms)
Completed 200 OK in 29ms (Views: 26.9ms | ActiveRecord: 0.0ms)


